[0.023s] Invoking command in '/home/fvc/ros2_ws/build/safety_shield': AMENT_PREFIX_PATH=/home/fvc/ros2_ws/install/local_mapper:${AMENT_PREFIX_PATH} CMAKE_PREFIX_PATH=/home/fvc/ros2_ws/install/local_mapper:/opt/ros/humble /usr/bin/cmake --build /home/fvc/ros2_ws/build/safety_shield -- -j2 -l2
[0.105s] [35m[1mConsolidate compiler generated dependencies of target safety_shield_node[0m
[0.148s] [ 50%] [32mBuilding CXX object CMakeFiles/safety_shield_node.dir/src/safety_shield.cpp.o[0m
[0.148s] [ 75%] Built target publisher_node
[3.177s] [01m[K/home/fvc/ros2_ws/src/safety_shield/src/safety_shield.cpp:85:3:[m[K [01;31m[Kerror: [m[Kâ€˜[01m[KGridInfo[m[Kâ€™ does not name a type
[3.177s]    85 |   [01;31m[KGridInfo[m[K gi_;
[3.177s]       |   [01;31m[K^~~~~~~~[m[K
[3.207s] [01m[K/home/fvc/ros2_ws/src/safety_shield/src/safety_shield.cpp:[m[K In member function â€˜[01m[Kvoid SafetyShield::onGrid(nav_msgs::msg::OccupancyGrid_<std::allocator<void> >::SharedPtr)[m[Kâ€™:
[3.207s] [01m[K/home/fvc/ros2_ws/src/safety_shield/src/safety_shield.cpp:41:5:[m[K [01;31m[Kerror: [m[Kâ€˜[01m[Kgi_[m[Kâ€™ was not declared in this scope; did you mean â€˜[01m[Kgrid_[m[Kâ€™?
[3.207s]    41 |     [01;31m[Kgi_[m[K.res = grid_.info.resolution;
[3.207s]       |     [01;31m[K^~~[m[K
[3.207s]       |     [32m[Kgrid_[m[K
[3.216s] [01m[K/home/fvc/ros2_ws/src/safety_shield/src/safety_shield.cpp:[m[K In member function â€˜[01m[Kvoid SafetyShield::onCmd(geometry_msgs::msg::Twist_<std::allocator<void> >::SharedPtr)[m[Kâ€™:
[3.216s] [01m[K/home/fvc/ros2_ws/src/safety_shield/src/safety_shield.cpp:54:36:[m[K [01;31m[Kerror: [m[Kâ€˜[01m[Kgi_[m[Kâ€™ was not declared in this scope; did you mean â€˜[01m[Kgrid_[m[Kâ€™?
[3.216s]    54 |       const double step = std::max([01;31m[Kgi_[m[K.res, 0.05);
[3.216s]       |                                    [01;31m[K^~~[m[K
[3.216s]       |                                    [32m[Kgrid_[m[K
[7.007s] gmake[2]: *** [CMakeFiles/safety_shield_node.dir/build.make:76: CMakeFiles/safety_shield_node.dir/src/safety_shield.cpp.o] Error 1
[7.008s] gmake[1]: *** [CMakeFiles/Makefile2:139: CMakeFiles/safety_shield_node.dir/all] Error 2
[7.009s] gmake: *** [Makefile:146: all] Error 2
[7.015s] Invoked command in '/home/fvc/ros2_ws/build/safety_shield' returned '2': AMENT_PREFIX_PATH=/home/fvc/ros2_ws/install/local_mapper:${AMENT_PREFIX_PATH} CMAKE_PREFIX_PATH=/home/fvc/ros2_ws/install/local_mapper:/opt/ros/humble /usr/bin/cmake --build /home/fvc/ros2_ws/build/safety_shield -- -j2 -l2
