[0.016s] Invoking command in '/home/fvc/ros2_ws/build/local_mapper': CMAKE_PREFIX_PATH=/opt/ros/humble /usr/bin/cmake --build /home/fvc/ros2_ws/build/local_mapper -- -j2 -l2
[0.098s] [35m[1mConsolidate compiler generated dependencies of target local_mapper_node[0m
[0.129s] [ 50%] [32mBuilding CXX object CMakeFiles/local_mapper_node.dir/src/local_mapper.cpp.o[0m
[2.942s] In file included from [01m[K/home/fvc/ros2_ws/src/local_mapper/src/local_mapper/src/local_mapper.cpp:4[m[K:
[2.942s] [01m[K/home/fvc/ros2_ws/src/local_mapper/src/local_mapper/include/local_mapper/utils.hpp:[m[K In function â€˜[01m[Kstd::optional<std::pair<int, int> > lm::worldToCell(double, double, const lm::GridInfo&)[m[Kâ€™:
[2.942s] [01m[K/home/fvc/ros2_ws/src/local_mapper/src/local_mapper/include/local_mapper/utils.hpp:17:13:[m[K [01;31m[Kerror: [m[Kâ€˜[01m[Kw[m[Kâ€™ was not declared in this scope
[2.943s]    17 |     if(ix > [01;31m[Kw[m[K){
[2.943s]       |             [01;31m[K^[m[K
[2.946s] [01m[K/home/fvc/ros2_ws/src/local_mapper/src/local_mapper/include/local_mapper/utils.hpp:19:19:[m[K [01;31m[Kerror: [m[Kâ€˜[01m[Kh[m[Kâ€™ was not declared in this scope
[2.946s]    19 |     }else if(iy > [01;31m[Kh[m[K)
[2.946s]       |                   [01;31m[K^[m[K
[2.946s] [01m[K/home/fvc/ros2_ws/src/local_mapper/src/local_mapper/include/local_mapper/utils.hpp:[m[K In function â€˜[01m[Kint lm::cellIndex(int, int, int)[m[Kâ€™:
[2.946s] [01m[K/home/fvc/ros2_ws/src/local_mapper/src/local_mapper/include/local_mapper/utils.hpp:28:26:[m[K [01;35m[Kwarning: [m[Kunused parameter â€˜[01m[Kix[m[Kâ€™ [[01;35m[K]8;;https://gcc.gnu.org/onlinedocs/gcc/Warning-Options.html#index-Wunused-parameter-Wunused-parameter]8;;[m[K]
[2.946s]    28 | inline int cellIndex([01;35m[Kint ix[m[K, int iy, int w) {
[2.946s]       |                      [01;35m[K~~~~^~[m[K
[2.946s] [01m[K/home/fvc/ros2_ws/src/local_mapper/src/local_mapper/include/local_mapper/utils.hpp:28:34:[m[K [01;35m[Kwarning: [m[Kunused parameter â€˜[01m[Kiy[m[Kâ€™ [[01;35m[K]8;;https://gcc.gnu.org/onlinedocs/gcc/Warning-Options.html#index-Wunused-parameter-Wunused-parameter]8;;[m[K]
[2.946s]    28 | inline int cellIndex(int ix, [01;35m[Kint iy[m[K, int w) {
[2.946s]       |                              [01;35m[K~~~~^~[m[K
[2.946s] [01m[K/home/fvc/ros2_ws/src/local_mapper/src/local_mapper/include/local_mapper/utils.hpp:28:42:[m[K [01;35m[Kwarning: [m[Kunused parameter â€˜[01m[Kw[m[Kâ€™ [[01;35m[K]8;;https://gcc.gnu.org/onlinedocs/gcc/Warning-Options.html#index-Wunused-parameter-Wunused-parameter]8;;[m[K]
[2.947s]    28 | inline int cellIndex(int ix, int iy, [01;35m[Kint w[m[K) {
[2.947s]       |                                      [01;35m[K~~~~^[m[K
[3.029s] [01m[K/home/fvc/ros2_ws/src/local_mapper/src/local_mapper/src/local_mapper.cpp:[m[K In member function â€˜[01m[Kvoid LocalMapper::rasterizeScan_(const LaserScan&)[m[Kâ€™:
[3.029s] [01m[K/home/fvc/ros2_ws/src/local_mapper/src/local_mapper/src/local_mapper.cpp:54:58:[m[K [01;35m[Kwarning: [m[Kunused parameter â€˜[01m[Kscan[m[Kâ€™ [[01;35m[K]8;;https://gcc.gnu.org/onlinedocs/gcc/Warning-Options.html#index-Wunused-parameter-Wunused-parameter]8;;[m[K]
[3.030s]    54 |   void rasterizeScan_([01;35m[Kconst sensor_msgs::msg::LaserScan& scan[m[K) {
[3.030s]       |                       [01;35m[K~~~~~~~~~~~~~~~~~~~~~~~~~~~~~~~~~~~^~~~[m[K
[5.966s] gmake[2]: *** [CMakeFiles/local_mapper_node.dir/build.make:76: CMakeFiles/local_mapper_node.dir/src/local_mapper.cpp.o] Error 1
[5.967s] gmake[1]: *** [CMakeFiles/Makefile2:137: CMakeFiles/local_mapper_node.dir/all] Error 2
[5.967s] gmake: *** [Makefile:146: all] Error 2
[5.970s] Invoked command in '/home/fvc/ros2_ws/build/local_mapper' returned '2': CMAKE_PREFIX_PATH=/opt/ros/humble /usr/bin/cmake --build /home/fvc/ros2_ws/build/local_mapper -- -j2 -l2
