[01m[K/home/fvc/ros2_ws/safety_shield/src/safety_shield.cpp:9:5:[m[K [01;31m[Kerror: [m[Kâ€˜[01m[Ktimer_[m[Kâ€™ does not name a type; did you mean â€˜[01m[Ktimer_t[m[Kâ€™?
    9 |     [01;31m[Ktimer_[m[K = create_wall_timer(std::chrono::seconds(1),
      |     [01;31m[K^~~~~~[m[K
      |     [32m[Ktimer_t[m[K
[01m[K/home/fvc/ros2_ws/safety_shield/src/safety_shield.cpp:10:63:[m[K [01;31m[Kerror: [m[Kexpected unqualified-id before â€˜[01m[K)[m[Kâ€™ token
   10 |       [this]{ RCLCPP_INFO(get_logger(), ">>> onTimer tick"); }[01;31m[K)[m[K;
      |                                                               [01;31m[K^[m[K
[01m[K/home/fvc/ros2_ws/safety_shield/src/safety_shield.cpp:11:4:[m[K [01;31m[Kerror: [m[Kexpected â€˜[01m[K;[m[Kâ€™ after class definition
   11 |   }
      |    [01;31m[K^[m[K
      |    [32m[K;[m[K
[01m[K/home/fvc/ros2_ws/safety_shield/src/safety_shield.cpp:12:1:[m[K [01;31m[Kerror: [m[Kexpected declaration before â€˜[01m[K}[m[Kâ€™ token
   12 | [01;31m[K}[m[K;
      | [01;31m[K^[m[K
gmake[2]: *** [CMakeFiles/safety_shield_node.dir/build.make:76: CMakeFiles/safety_shield_node.dir/src/safety_shield.cpp.o] Error 1
gmake[1]: *** [CMakeFiles/Makefile2:137: CMakeFiles/safety_shield_node.dir/all] Error 2
gmake: *** [Makefile:146: all] Error 2
