[ 50%] [32mBuilding CXX object CMakeFiles/local_mapper_node.dir/src/local_mapper.cpp.o[0m
[01m[K/home/fvc/ros2_ws/src/local_mapper/src/local_mapper/src/local_mapper.cpp:4:10:[m[K [01;31m[Kfatal error: [m[Klocal_mapper/utils.hpp: No such file or directory
    4 | #include [01;31m[K"local_mapper/utils.hpp"[m[K
      |          [01;31m[K^~~~~~~~~~~~~~~~~~~~~~~~[m[K
compilation terminated.
gmake[2]: *** [CMakeFiles/local_mapper_node.dir/build.make:76: CMakeFiles/local_mapper_node.dir/src/local_mapper.cpp.o] Error 1
gmake[1]: *** [CMakeFiles/Makefile2:137: CMakeFiles/local_mapper_node.dir/all] Error 2
gmake: *** [Makefile:146: all] Error 2
