-- Found ament_cmake: 1.3.12 (/opt/ros/humble/share/ament_cmake/cmake)
-- Override CMake install command with custom implementation using symlinks instead of copying resources
-- Found rclcpp: 16.0.14 (/opt/ros/humble/share/rclcpp/cmake)
-- Found rosidl_generator_c: 3.1.7 (/opt/ros/humble/share/rosidl_generator_c/cmake)
-- Found rosidl_adapter: 3.1.7 (/opt/ros/humble/share/rosidl_adapter/cmake)
-- Found rosidl_generator_cpp: 3.1.7 (/opt/ros/humble/share/rosidl_generator_cpp/cmake)
-- Using all available rosidl_typesupport_c: rosidl_typesupport_fastrtps_c;rosidl_typesupport_introspection_c
-- Using all available rosidl_typesupport_cpp: rosidl_typesupport_fastrtps_cpp;rosidl_typesupport_introspection_cpp
-- Found rmw_implementation_cmake: 6.1.2 (/opt/ros/humble/share/rmw_implementation_cmake/cmake)
-- Found rmw_fastrtps_cpp: 6.2.8 (/opt/ros/humble/share/rmw_fastrtps_cpp/cmake)
-- Using RMW implementation 'rmw_fastrtps_cpp' as default
-- Found nav_msgs: 4.9.0 (/opt/ros/humble/share/nav_msgs/cmake)
-- Found sensor_msgs: 4.9.0 (/opt/ros/humble/share/sensor_msgs/cmake)
-- Found tf2: 0.25.16 (/opt/ros/humble/share/tf2/cmake)
-- Found tf2_ros: 0.25.16 (/opt/ros/humble/share/tf2_ros/cmake)
-- Found ament_lint_auto: 0.12.14 (/opt/ros/humble/share/ament_lint_auto/cmake)
-- Added test 'cppcheck' to perform static code analysis on C / C++ code
-- Configured cppcheck include dirs: /home/fvc/ros2_ws/src/local_mapper/src/local_mapper/include
-- Configured cppcheck exclude dirs and/or files: 
-- Added test 'lint_cmake' to check CMake code style
-- Added test 'uncrustify' to check C / C++ code style
-- Configured uncrustify additional arguments: 
-- Added test 'xmllint' to check XML markup files
-- Configuring done
-- Generating done
-- Build files have been written to: /home/fvc/ros2_ws/build/local_mapper
[ 50%] [32mBuilding CXX object CMakeFiles/local_mapper_node.dir/src/local_mapper.cpp.o[0m
In file included from [01m[K/home/fvc/ros2_ws/src/local_mapper/src/local_mapper/src/local_mapper.cpp:4[m[K:
[01m[K/home/fvc/ros2_ws/src/local_mapper/src/local_mapper/include/local_mapper/utils.hpp:[m[K In function â€˜[01m[Kstd::optional<std::pair<int, int> > lm::worldToCell(double, double, const lm::GridInfo&)[m[Kâ€™:
[01m[K/home/fvc/ros2_ws/src/local_mapper/src/local_mapper/include/local_mapper/utils.hpp:17:13:[m[K [01;31m[Kerror: [m[Kâ€˜[01m[Kw[m[Kâ€™ was not declared in this scope
   17 |     if(ix > [01;31m[Kw[m[K){
      |             [01;31m[K^[m[K
[01m[K/home/fvc/ros2_ws/src/local_mapper/src/local_mapper/include/local_mapper/utils.hpp:19:19:[m[K [01;31m[Kerror: [m[Kâ€˜[01m[Kh[m[Kâ€™ was not declared in this scope
   19 |     }else if(iy > [01;31m[Kh[m[K)
      |                   [01;31m[K^[m[K
[01m[K/home/fvc/ros2_ws/src/local_mapper/src/local_mapper/include/local_mapper/utils.hpp:[m[K In function â€˜[01m[Kint lm::cellIndex(int, int, int)[m[Kâ€™:
[01m[K/home/fvc/ros2_ws/src/local_mapper/src/local_mapper/include/local_mapper/utils.hpp:28:26:[m[K [01;35m[Kwarning: [m[Kunused parameter â€˜[01m[Kix[m[Kâ€™ [[01;35m[K]8;;https://gcc.gnu.org/onlinedocs/gcc/Warning-Options.html#index-Wunused-parameter-Wunused-parameter]8;;[m[K]
   28 | inline int cellIndex([01;35m[Kint ix[m[K, int iy, int w) {
      |                      [01;35m[K~~~~^~[m[K
[01m[K/home/fvc/ros2_ws/src/local_mapper/src/local_mapper/include/local_mapper/utils.hpp:28:34:[m[K [01;35m[Kwarning: [m[Kunused parameter â€˜[01m[Kiy[m[Kâ€™ [[01;35m[K]8;;https://gcc.gnu.org/onlinedocs/gcc/Warning-Options.html#index-Wunused-parameter-Wunused-parameter]8;;[m[K]
   28 | inline int cellIndex(int ix, [01;35m[Kint iy[m[K, int w) {
      |                              [01;35m[K~~~~^~[m[K
[01m[K/home/fvc/ros2_ws/src/local_mapper/src/local_mapper/include/local_mapper/utils.hpp:28:42:[m[K [01;35m[Kwarning: [m[Kunused parameter â€˜[01m[Kw[m[Kâ€™ [[01;35m[K]8;;https://gcc.gnu.org/onlinedocs/gcc/Warning-Options.html#index-Wunused-parameter-Wunused-parameter]8;;[m[K]
   28 | inline int cellIndex(int ix, int iy, [01;35m[Kint w[m[K) {
      |                                      [01;35m[K~~~~^[m[K
[01m[K/home/fvc/ros2_ws/src/local_mapper/src/local_mapper/src/local_mapper.cpp:[m[K In member function â€˜[01m[Kvoid LocalMapper::rasterizeScan_(const LaserScan&)[m[Kâ€™:
[01m[K/home/fvc/ros2_ws/src/local_mapper/src/local_mapper/src/local_mapper.cpp:54:58:[m[K [01;35m[Kwarning: [m[Kunused parameter â€˜[01m[Kscan[m[Kâ€™ [[01;35m[K]8;;https://gcc.gnu.org/onlinedocs/gcc/Warning-Options.html#index-Wunused-parameter-Wunused-parameter]8;;[m[K]
   54 |   void rasterizeScan_([01;35m[Kconst sensor_msgs::msg::LaserScan& scan[m[K) {
      |                       [01;35m[K~~~~~~~~~~~~~~~~~~~~~~~~~~~~~~~~~~~^~~~[m[K
[01m[K/home/fvc/ros2_ws/src/local_mapper/src/local_mapper/src/local_mapper.cpp:[m[K In member function â€˜[01m[Kvoid LocalMapper::onTimer()[m[Kâ€™:
[01m[K/home/fvc/ros2_ws/src/local_mapper/src/local_mapper/src/local_mapper.cpp:77:39:[m[K [01;31m[Kerror: [m[Kâ€˜[01m[Kclass rclcpp::Time[m[Kâ€™ has no member named â€˜[01m[Knanosec[m[Kâ€™; did you mean â€˜[01m[Knanoseconds[m[Kâ€™?
   77 |     grid_.header.stamp = (last_stamp_.[01;31m[Knanosec[m[K==0 && last_stamp_.sec==0) ? this->now() : last_stamp_;
      |                                       [01;31m[K^~~~~~~[m[K
      |                                       [32m[Knanoseconds[m[K
[01m[K/home/fvc/ros2_ws/src/local_mapper/src/local_mapper/src/local_mapper.cpp:77:65:[m[K [01;31m[Kerror: [m[Kâ€˜[01m[Kclass rclcpp::Time[m[Kâ€™ has no member named â€˜[01m[Ksec[m[Kâ€™
   77 |     grid_.header.stamp = (last_stamp_.nanosec==0 && last_stamp_.[01;31m[Ksec[m[K==0) ? this->now() : last_stamp_;
      |                                                                 [01;31m[K^~~[m[K
gmake[2]: *** [CMakeFiles/local_mapper_node.dir/build.make:76: CMakeFiles/local_mapper_node.dir/src/local_mapper.cpp.o] Error 1
gmake[1]: *** [CMakeFiles/Makefile2:137: CMakeFiles/local_mapper_node.dir/all] Error 2
gmake: *** [Makefile:146: all] Error 2
