[0.023s] Invoking command in '/home/fvc/ros2_ws/build/safety_shield': AMENT_PREFIX_PATH=/home/fvc/ros2_ws/install/local_mapper:${AMENT_PREFIX_PATH} CMAKE_PREFIX_PATH=/home/fvc/ros2_ws/install/local_mapper:/opt/ros/humble /usr/bin/cmake /home/fvc/ros2_ws/src/safety_shield -DCMAKE_INSTALL_PREFIX=/home/fvc/ros2_ws/install/safety_shield
[0.045s] -- Found ament_cmake: 1.3.12 (/opt/ros/humble/share/ament_cmake/cmake)
[0.235s] -- Override CMake install command with custom implementation using symlinks instead of copying resources
[0.248s] -- Found rclcpp: 16.0.14 (/opt/ros/humble/share/rclcpp/cmake)
[0.283s] -- Found rosidl_generator_c: 3.1.7 (/opt/ros/humble/share/rosidl_generator_c/cmake)
[0.286s] -- Found rosidl_adapter: 3.1.7 (/opt/ros/humble/share/rosidl_adapter/cmake)
[0.292s] -- Found rosidl_generator_cpp: 3.1.7 (/opt/ros/humble/share/rosidl_generator_cpp/cmake)
[0.303s] -- Using all available rosidl_typesupport_c: rosidl_typesupport_fastrtps_c;rosidl_typesupport_introspection_c
[0.318s] -- Using all available rosidl_typesupport_cpp: rosidl_typesupport_fastrtps_cpp;rosidl_typesupport_introspection_cpp
[0.351s] -- Found rmw_implementation_cmake: 6.1.2 (/opt/ros/humble/share/rmw_implementation_cmake/cmake)
[0.352s] -- Found rmw_fastrtps_cpp: 6.2.8 (/opt/ros/humble/share/rmw_fastrtps_cpp/cmake)
[0.508s] -- Using RMW implementation 'rmw_fastrtps_cpp' as default
[0.570s] -- Found nav_msgs: 4.9.0 (/opt/ros/humble/share/nav_msgs/cmake)
[0.600s] -- Found sensor_msgs: 4.9.0 (/opt/ros/humble/share/sensor_msgs/cmake)
[0.622s] -- Found local_mapper: 0.0.0 (/home/fvc/ros2_ws/install/local_mapper/share/local_mapper/cmake)
[0.624s] -- Found ament_lint_auto: 0.12.14 (/opt/ros/humble/share/ament_lint_auto/cmake)
[0.712s] -- Added test 'cppcheck' to perform static code analysis on C / C++ code
[0.715s] -- Configured cppcheck include dirs: 
[0.716s] -- Configured cppcheck exclude dirs and/or files: 
[0.716s] -- Added test 'lint_cmake' to check CMake code style
[0.720s] -- Added test 'uncrustify' to check C / C++ code style
[0.720s] -- Configured uncrustify additional arguments: 
[0.720s] -- Added test 'xmllint' to check XML markup files
[0.723s] -- Configuring done
[0.743s] -- Generating done
[0.751s] -- Build files have been written to: /home/fvc/ros2_ws/build/safety_shield
[0.766s] Invoked command in '/home/fvc/ros2_ws/build/safety_shield' returned '0': AMENT_PREFIX_PATH=/home/fvc/ros2_ws/install/local_mapper:${AMENT_PREFIX_PATH} CMAKE_PREFIX_PATH=/home/fvc/ros2_ws/install/local_mapper:/opt/ros/humble /usr/bin/cmake /home/fvc/ros2_ws/src/safety_shield -DCMAKE_INSTALL_PREFIX=/home/fvc/ros2_ws/install/safety_shield
[0.768s] Invoking command in '/home/fvc/ros2_ws/build/safety_shield': AMENT_PREFIX_PATH=/home/fvc/ros2_ws/install/local_mapper:${AMENT_PREFIX_PATH} CMAKE_PREFIX_PATH=/home/fvc/ros2_ws/install/local_mapper:/opt/ros/humble /usr/bin/cmake --build /home/fvc/ros2_ws/build/safety_shield -- -j2 -l2
[0.856s] [35m[1mConsolidate compiler generated dependencies of target publisher_node[0m
[0.856s] [35m[1mConsolidate compiler generated dependencies of target safety_shield_node[0m
[0.883s] [ 25%] [32mBuilding CXX object CMakeFiles/safety_shield_node.dir/src/safety_shield.cpp.o[0m
[0.908s] [ 75%] Built target publisher_node
[4.869s] [01m[K/home/fvc/ros2_ws/src/safety_shield/src/safety_shield.cpp:113:21:[m[K [01;31m[Kerror: [m[Kâ€˜[01m[Kvisualization_msgs[m[Kâ€™ was not declared in this scope
[4.869s]   113 |   rclcpp::Publisher<[01;31m[Kvisualization_msgs[m[K::msg::Marker>::SharedPtr pub_marker_;
[4.869s]       |                     [01;31m[K^~~~~~~~~~~~~~~~~~[m[K
[4.870s] [01m[K/home/fvc/ros2_ws/src/safety_shield/src/safety_shield.cpp:113:52:[m[K [01;31m[Kerror: [m[Ktemplate argument 1 is invalid
[4.870s]   113 |   rclcpp::Publisher<visualization_msgs::msg::Marker[01;31m[K>[m[K::SharedPtr pub_marker_;
[4.870s]       |                                                    [01;31m[K^[m[K
[4.870s] [01m[K/home/fvc/ros2_ws/src/safety_shield/src/safety_shield.cpp:113:55:[m[K [01;31m[Kerror: [m[Kexpected â€˜[01m[K;[m[Kâ€™ at end of member declaration
[4.870s]   113 |   rclcpp::Publisher<visualization_msgs::msg::Marker>::[01;31m[KSharedPtr[m[K pub_marker_;
[4.870s]       |                                                       [01;31m[K^~~~~~~~~[m[K
[4.870s]       |                                                                [32m[K;[m[K
[4.872s] [01m[K/home/fvc/ros2_ws/src/safety_shield/src/safety_shield.cpp:113:65:[m[K [01;31m[Kerror: [m[Kâ€˜[01m[Kpub_marker_[m[Kâ€™ does not name a type
[4.873s]   113 |   rclcpp::Publisher<visualization_msgs::msg::Marker>::SharedPtr [01;31m[Kpub_marker_[m[K;
[4.873s]       |                                                                 [01;31m[K^~~~~~~~~~~[m[K
[5.031s] [01m[K/home/fvc/ros2_ws/src/safety_shield/src/safety_shield.cpp:117:62:[m[K [01;31m[Kerror: [m[Kredeclaration of â€˜[01m[Krclcpp::Subscription<geometry_msgs::msg::Twist_<std::allocator<void> > >::SharedPtr SafetyShield::sub_cmd_[m[Kâ€™
[5.031s]   117 |   rclcpp::Subscription<geometry_msgs::msg::Twist>::SharedPtr [01;31m[Ksub_cmd_[m[K;
[5.031s]       |                                                              [01;31m[K^~~~~~~~[m[K
[5.031s] [01m[K/home/fvc/ros2_ws/src/safety_shield/src/safety_shield.cpp:114:62:[m[K [01;36m[Knote: [m[Kprevious declaration â€˜[01m[Krclcpp::Subscription<geometry_msgs::msg::Twist_<std::allocator<void> > >::SharedPtr SafetyShield::sub_cmd_[m[Kâ€™
[5.031s]   114 |   rclcpp::Subscription<geometry_msgs::msg::Twist>::SharedPtr [01;36m[Ksub_cmd_[m[K;
[5.031s]       |                                                              [01;36m[K^~~~~~~~[m[K
[5.037s] [01m[K/home/fvc/ros2_ws/src/safety_shield/src/safety_shield.cpp:[m[K In constructor â€˜[01m[KSafetyShield::SafetyShield()[m[Kâ€™:
[5.037s] [01m[K/home/fvc/ros2_ws/src/safety_shield/src/safety_shield.cpp:13:5:[m[K [01;31m[Kerror: [m[Kâ€˜[01m[Kpub_marker_[m[Kâ€™ was not declared in this scope; did you mean â€˜[01m[Kpub_safe_[m[Kâ€™?
[5.037s]    13 |     [01;31m[Kpub_marker_[m[K = this->create_publisher<visualization_msgs::msg::Marker>("/cmd_vel_safe_marker", 10);
[5.037s]       |     [01;31m[K^~~~~~~~~~~[m[K
[5.037s]       |     [32m[Kpub_safe_[m[K
[5.045s] [01m[K/home/fvc/ros2_ws/src/safety_shield/src/safety_shield.cpp:13:42:[m[K [01;31m[Kerror: [m[Kâ€˜[01m[Kvisualization_msgs[m[Kâ€™ was not declared in this scope
[5.045s]    13 |     pub_marker_ = this->create_publisher<[01;31m[Kvisualization_msgs[m[K::msg::Marker>("/cmd_vel_safe_marker", 10);
[5.045s]       |                                          [01;31m[K^~~~~~~~~~~~~~~~~~[m[K
[5.045s] [01m[K/home/fvc/ros2_ws/src/safety_shield/src/safety_shield.cpp:13:25:[m[K [01;31m[Kerror: [m[Kparse error in template argument list
[5.045s]    13 |     pub_marker_ = this->[01;31m[Kcreate_publisher<visualization_msgs::msg::Marker>[m[K("/cmd_vel_safe_marker", 10);
[5.045s]       |                         [01;31m[K^~~~~~~~~~~~~~~~~~~~~~~~~~~~~~~~~~~~~~~~~~~~~~~~~[m[K
[5.048s] [01m[K/home/fvc/ros2_ws/src/safety_shield/src/safety_shield.cpp:13:74:[m[K [01;31m[Kerror: [m[Kno matching function for call to â€˜[01m[KSafetyShield::create_publisher<<expression error> >(const char [21], int)[m[Kâ€™
[5.048s]    13 |     pub_marker_ = [01;31m[Kthis->create_publisher<visualization_msgs::msg::Marker>("/cmd_vel_safe_marker", 10)[m[K;
[5.048s]       |                   [01;31m[K~~~~~~~~~~~~~~~~~~~~~~~~~~~~~~~~~~~~~~~~~~~~~~~~~~~~~~~^~~~~~~~~~~~~~~~~~~~~~~~~~~~[m[K
[5.049s] In file included from [01m[K/opt/ros/humble/include/rclcpp/rclcpp/executors/single_threaded_executor.hpp:28[m[K,
[5.049s]                  from [01m[K/opt/ros/humble/include/rclcpp/rclcpp/executors.hpp:22[m[K,
[5.049s]                  from [01m[K/opt/ros/humble/include/rclcpp/rclcpp/rclcpp.hpp:155[m[K,
[5.049s]                  from [01m[K/home/fvc/ros2_ws/src/safety_shield/src/safety_shield.cpp:1[m[K:
[5.049s] [01m[K/opt/ros/humble/include/rclcpp/rclcpp/node.hpp:195:3:[m[K [01;36m[Knote: [m[Kcandidate: â€˜[01m[Ktemplate<class MessageT, class AllocatorT, class PublisherT> std::shared_ptr<PublisherT> rclcpp::Node::create_publisher(const string&, const rclcpp::QoS&, const rclcpp::PublisherOptionsWithAllocator<AllocatorT>&)[m[Kâ€™
[5.049s]   195 |   [01;36m[Kcreate_publisher[m[K(
[5.049s]       |   [01;36m[K^~~~~~~~~~~~~~~~[m[K
[5.049s] [01m[K/opt/ros/humble/include/rclcpp/rclcpp/node.hpp:195:3:[m[K [01;36m[Knote: [m[K  template argument deduction/substitution failed:
[5.049s] [01m[K/home/fvc/ros2_ws/src/safety_shield/src/safety_shield.cpp:13:74:[m[K [01;31m[Kerror: [m[Ktemplate argument 1 is invalid
[5.049s]    13 |     pub_marker_ = [01;31m[Kthis->create_publisher<visualization_msgs::msg::Marker>("/cmd_vel_safe_marker", 10)[m[K;
[5.049s]       |                   [01;31m[K~~~~~~~~~~~~~~~~~~~~~~~~~~~~~~~~~~~~~~~~~~~~~~~~~~~~~~~^~~~~~~~~~~~~~~~~~~~~~~~~~~~[m[K
[5.072s] [01m[K/home/fvc/ros2_ws/src/safety_shield/src/safety_shield.cpp:[m[K In member function â€˜[01m[Kvoid SafetyShield::onCmd(geometry_msgs::msg::Twist_<std::allocator<void> >::SharedPtr)[m[Kâ€™:
[5.072s] [01m[K/home/fvc/ros2_ws/src/safety_shield/src/safety_shield.cpp:56:6:[m[K [01;31m[Kerror: [m[Kâ€˜[01m[Kvisualization_msgs[m[Kâ€™ has not been declared
[5.072s]    56 |      [01;31m[Kvisualization_msgs[m[K::msg::Marker marker;
[5.072s]       |      [01;31m[K^~~~~~~~~~~~~~~~~~[m[K
[5.077s] [01m[K/home/fvc/ros2_ws/src/safety_shield/src/safety_shield.cpp:57:5:[m[K [01;31m[Kerror: [m[Kâ€˜[01m[Kmarker[m[Kâ€™ was not declared in this scope
[5.077s]    57 |     [01;31m[Kmarker[m[K.header.frame_id = "odom";  // ç¡®ä¿å’Œä½ å®žé™…ä½¿ç”¨çš„åæ ‡ç³»ä¸€è‡´
[5.077s]       |     [01;31m[K^~~~~~[m[K
[5.088s] [01m[K/home/fvc/ros2_ws/src/safety_shield/src/safety_shield.cpp:61:19:[m[K [01;31m[Kerror: [m[Kâ€˜[01m[Kvisualization_msgs[m[Kâ€™ has not been declared
[5.088s]    61 |     marker.type = [01;31m[Kvisualization_msgs[m[K::msg::Marker::ARROW;
[5.088s]       |                   [01;31m[K^~~~~~~~~~~~~~~~~~[m[K
[5.088s] [01m[K/home/fvc/ros2_ws/src/safety_shield/src/safety_shield.cpp:62:21:[m[K [01;31m[Kerror: [m[Kâ€˜[01m[Kvisualization_msgs[m[Kâ€™ has not been declared
[5.088s]    62 |     marker.action = [01;31m[Kvisualization_msgs[m[K::msg::Marker::ADD;
[5.088s]       |                     [01;31m[K^~~~~~~~~~~~~~~~~~[m[K
[5.088s] [01m[K/home/fvc/ros2_ws/src/safety_shield/src/safety_shield.cpp:81:31:[m[K [01;31m[Kerror: [m[Kâ€˜[01m[Ktf2[m[Kâ€™ has not been declared
[5.089s]    81 |     marker.pose.orientation = [01;31m[Ktf2[m[K::toMsg(tf2::Quaternion(0, 0, sin(msg->angular.z / 2), cos(msg->angular.z / 2)));
[5.089s]       |                               [01;31m[K^~~[m[K
[5.089s] [01m[K/home/fvc/ros2_ws/src/safety_shield/src/safety_shield.cpp:81:42:[m[K [01;31m[Kerror: [m[Kâ€˜[01m[Ktf2[m[Kâ€™ has not been declared
[5.089s]    81 |     marker.pose.orientation = tf2::toMsg([01;31m[Ktf2[m[K::Quaternion(0, 0, sin(msg->angular.z / 2), cos(msg->angular.z / 2)));
[5.089s]       |                                          [01;31m[K^~~[m[K
[5.089s] [01m[K/home/fvc/ros2_ws/src/safety_shield/src/safety_shield.cpp:81:68:[m[K [01;31m[Kerror: [m[Kâ€˜[01m[Kmsg[m[Kâ€™ was not declared in this scope
[5.089s]    81 |     marker.pose.orientation = tf2::toMsg(tf2::Quaternion(0, 0, sin([01;31m[Kmsg[m[K->angular.z / 2), cos(msg->angular.z / 2)));
[5.089s]       |                                                                    [01;31m[K^~~[m[K
[5.089s] [01m[K/home/fvc/ros2_ws/src/safety_shield/src/safety_shield.cpp:81:68:[m[K [01;36m[Knote: [m[Ksuggested alternatives:
[5.089s] In file included from [01m[K/opt/ros/humble/include/builtin_interfaces/builtin_interfaces/msg/duration.hpp:7[m[K,
[5.089s]                  from [01m[K/opt/ros/humble/include/rclcpp/rclcpp/duration.hpp:20[m[K,
[5.089s]                  from [01m[K/opt/ros/humble/include/rclcpp/rclcpp/qos.hpp:20[m[K,
[5.089s]                  from [01m[K/opt/ros/humble/include/rclcpp/rclcpp/node_interfaces/node_graph_interface.hpp:32[m[K,
[5.089s]                  from [01m[K/opt/ros/humble/include/rclcpp/rclcpp/client.hpp:42[m[K,
[5.089s]                  from [01m[K/opt/ros/humble/include/rclcpp/rclcpp/callback_group.hpp:24[m[K,
[5.089s]                  from [01m[K/opt/ros/humble/include/rclcpp/rclcpp/any_executable.hpp:20[m[K,
[5.089s]                  from [01m[K/opt/ros/humble/include/rclcpp/rclcpp/memory_strategy.hpp:25[m[K,
[5.089s]                  from [01m[K/opt/ros/humble/include/rclcpp/rclcpp/memory_strategies.hpp:18[m[K,
[5.089s]                  from [01m[K/opt/ros/humble/include/rclcpp/rclcpp/executor_options.hpp:20[m[K,
[5.089s]                  from [01m[K/opt/ros/humble/include/rclcpp/rclcpp/executor.hpp:37[m[K,
[5.090s]                  from [01m[K/opt/ros/humble/include/rclcpp/rclcpp/executors/multi_threaded_executor.hpp:25[m[K,
[5.090s]                  from [01m[K/opt/ros/humble/include/rclcpp/rclcpp/executors.hpp:21[m[K,
[5.090s]                  from [01m[K/opt/ros/humble/include/rclcpp/rclcpp/rclcpp.hpp:155[m[K,
[5.090s]                  from [01m[K/home/fvc/ros2_ws/src/safety_shield/src/safety_shield.cpp:1[m[K:
[5.090s] [01m[K/opt/ros/humble/include/builtin_interfaces/builtin_interfaces/msg/detail/duration__struct.hpp:27:11:[m[K [01;36m[Knote: [m[K  â€˜[01m[Kbuiltin_interfaces::msg[m[Kâ€™
[5.090s]    27 | namespace [01;36m[Kmsg[m[K
[5.090s]       |           [01;36m[K^~~[m[K
[5.090s] In file included from [01m[K/opt/ros/humble/include/rcl_interfaces/rcl_interfaces/msg/set_parameters_result.hpp:7[m[K,
[5.090s]                  from [01m[K/opt/ros/humble/include/rclcpp/rclcpp/qos_overriding_options.hpp:28[m[K,
[5.090s]                  from [01m[K/opt/ros/humble/include/rclcpp/rclcpp/subscription_options.hpp:30[m[K,
[5.090s]                  from [01m[K/opt/ros/humble/include/rclcpp/rclcpp/subscription.hpp:45[m[K,
[5.090s]                  from [01m[K/opt/ros/humble/include/rclcpp/rclcpp/any_executable.hpp:25[m[K,
[5.091s]                  from [01m[K/opt/ros/humble/include/rclcpp/rclcpp/memory_strategy.hpp:25[m[K,
[5.091s]                  from [01m[K/opt/ros/humble/include/rclcpp/rclcpp/memory_strategies.hpp:18[m[K,
[5.091s]                  from [01m[K/opt/ros/humble/include/rclcpp/rclcpp/executor_options.hpp:20[m[K,
[5.091s]                  from [01m[K/opt/ros/humble/include/rclcpp/rclcpp/executor.hpp:37[m[K,
[5.091s]                  from [01m[K/opt/ros/humble/include/rclcpp/rclcpp/executors/multi_threaded_executor.hpp:25[m[K,
[5.091s]                  from [01m[K/opt/ros/humble/include/rclcpp/rclcpp/executors.hpp:21[m[K,
[5.091s]                  from [01m[K/opt/ros/humble/include/rclcpp/rclcpp/rclcpp.hpp:155[m[K,
[5.091s]                  from [01m[K/home/fvc/ros2_ws/src/safety_shield/src/safety_shield.cpp:1[m[K:
[5.091s] [01m[K/opt/ros/humble/include/rcl_interfaces/rcl_interfaces/msg/detail/set_parameters_result__struct.hpp:27:11:[m[K [01;36m[Knote: [m[K  â€˜[01m[Krcl_interfaces::msg[m[Kâ€™
[5.091s]    27 | namespace [01;36m[Kmsg[m[K
[5.091s]       |           [01;36m[K^~~[m[K
[5.091s] In file included from [01m[K/opt/ros/humble/include/statistics_msgs/statistics_msgs/msg/detail/metrics_message__struct.hpp:23[m[K,
[5.091s]                  from [01m[K/opt/ros/humble/include/statistics_msgs/statistics_msgs/msg/metrics_message.hpp:7[m[K,
[5.091s]                  from [01m[K/opt/ros/humble/include/libstatistics_collector/libstatistics_collector/collector/generate_statistics_message.hpp:21[m[K,
[5.091s]                  from [01m[K/opt/ros/humble/include/rclcpp/rclcpp/topic_statistics/subscription_topic_statistics.hpp:23[m[K,
[5.092s]                  from [01m[K/opt/ros/humble/include/rclcpp/rclcpp/subscription.hpp:50[m[K,
[5.092s]                  from [01m[K/opt/ros/humble/include/rclcpp/rclcpp/any_executable.hpp:25[m[K,
[5.092s]                  from [01m[K/opt/ros/humble/include/rclcpp/rclcpp/memory_strategy.hpp:25[m[K,
[5.092s]                  from [01m[K/opt/ros/humble/include/rclcpp/rclcpp/memory_strategies.hpp:18[m[K,
[5.092s]                  from [01m[K/opt/ros/humble/include/rclcpp/rclcpp/executor_options.hpp:20[m[K,
[5.092s]                  from [01m[K/opt/ros/humble/include/rclcpp/rclcpp/executor.hpp:37[m[K,
[5.094s]                  from [01m[K/opt/ros/humble/include/rclcpp/rclcpp/executors/multi_threaded_executor.hpp:25[m[K,
[5.094s]                  from [01m[K/opt/ros/humble/include/rclcpp/rclcpp/executors.hpp:21[m[K,
[5.094s]                  from [01m[K/opt/ros/humble/include/rclcpp/rclcpp/rclcpp.hpp:155[m[K,
[5.094s]                  from [01m[K/home/fvc/ros2_ws/src/safety_shield/src/safety_shield.cpp:1[m[K:
[5.094s] [01m[K/opt/ros/humble/include/statistics_msgs/statistics_msgs/msg/detail/statistic_data_point__struct.hpp:27:11:[m[K [01;36m[Knote: [m[K  â€˜[01m[Kstatistics_msgs::msg[m[Kâ€™
[5.094s]    27 | namespace [01;36m[Kmsg[m[K
[5.094s]       |           [01;36m[K^~~[m[K
[5.094s] In file included from [01m[K/opt/ros/humble/include/geometry_msgs/geometry_msgs/msg/detail/twist__struct.hpp:21[m[K,
[5.095s]                  from [01m[K/opt/ros/humble/include/geometry_msgs/geometry_msgs/msg/twist.hpp:7[m[K,
[5.095s]                  from [01m[K/home/fvc/ros2_ws/src/safety_shield/src/safety_shield.cpp:2[m[K:
[5.095s] [01m[K/opt/ros/humble/include/geometry_msgs/geometry_msgs/msg/detail/vector3__struct.hpp:27:11:[m[K [01;36m[Knote: [m[K  â€˜[01m[Kgeometry_msgs::msg[m[Kâ€™
[5.095s]    27 | namespace [01;36m[Kmsg[m[K
[5.095s]       |           [01;36m[K^~~[m[K
[5.095s] In file included from [01m[K/opt/ros/humble/include/nav_msgs/nav_msgs/msg/detail/occupancy_grid__struct.hpp:20[m[K,
[5.095s]                  from [01m[K/opt/ros/humble/include/nav_msgs/nav_msgs/msg/occupancy_grid.hpp:7[m[K,
[5.095s]                  from [01m[K/home/fvc/ros2_ws/src/safety_shield/src/safety_shield.cpp:3[m[K:
[5.095s] [01m[K/opt/ros/humble/include/std_msgs/std_msgs/msg/detail/header__struct.hpp:31:11:[m[K [01;36m[Knote: [m[K  â€˜[01m[Kstd_msgs::msg[m[Kâ€™
[5.095s]    31 | namespace [01;36m[Kmsg[m[K
[5.095s]       |           [01;36m[K^~~[m[K
[5.107s] In file included from [01m[K/opt/ros/humble/include/nav_msgs/nav_msgs/msg/detail/occupancy_grid__struct.hpp:22[m[K,
[5.108s]                  from [01m[K/opt/ros/humble/include/nav_msgs/nav_msgs/msg/occupancy_grid.hpp:7[m[K,
[5.108s]                  from [01m[K/home/fvc/ros2_ws/src/safety_shield/src/safety_shield.cpp:3[m[K:
[5.108s] [01m[K/opt/ros/humble/include/nav_msgs/nav_msgs/msg/detail/map_meta_data__struct.hpp:33:11:[m[K [01;36m[Knote: [m[K  â€˜[01m[Knav_msgs::msg[m[Kâ€™
[5.108s]    33 | namespace [01;36m[Kmsg[m[K
[5.108s]       |           [01;36m[K^~~[m[K
[5.108s] [01m[K/home/fvc/ros2_ws/src/safety_shield/src/safety_shield.cpp:85:5:[m[K [01;31m[Kerror: [m[Kâ€˜[01m[Kpub_marker_[m[Kâ€™ was not declared in this scope; did you mean â€˜[01m[Kpub_safe_[m[Kâ€™?
[5.108s]    85 |     [01;31m[Kpub_marker_[m[K->publish(marker);
[5.108s]       |     [01;31m[K^~~~~~~~~~~[m[K
[5.108s]       |     [32m[Kpub_safe_[m[K
[9.723s] gmake[2]: *** [CMakeFiles/safety_shield_node.dir/build.make:76: CMakeFiles/safety_shield_node.dir/src/safety_shield.cpp.o] Error 1
[9.723s] gmake[1]: *** [CMakeFiles/Makefile2:139: CMakeFiles/safety_shield_node.dir/all] Error 2
[9.723s] gmake: *** [Makefile:146: all] Error 2
[9.727s] Invoked command in '/home/fvc/ros2_ws/build/safety_shield' returned '2': AMENT_PREFIX_PATH=/home/fvc/ros2_ws/install/local_mapper:${AMENT_PREFIX_PATH} CMAKE_PREFIX_PATH=/home/fvc/ros2_ws/install/local_mapper:/opt/ros/humble /usr/bin/cmake --build /home/fvc/ros2_ws/build/safety_shield -- -j2 -l2
