[33mCMake Warning at /home/fvc/ros2_ws/install/local_mapper/share/local_mapper/cmake/ament_cmake_export_include_directories-extras.cmake:11 (message):
  Package 'local_mapper' exports the include directory
  '/home/fvc/ros2_ws/install/local_mapper/share/local_mapper/cmake/../../../include'
  which doesn't exist
Call Stack (most recent call first):
  /home/fvc/ros2_ws/install/local_mapper/share/local_mapper/cmake/local_mapperConfig.cmake:41 (include)
  CMakeLists.txt:14 (find_package)

[0m
[01m[K/home/fvc/ros2_ws/src/safety_shield/src/safety_shield.cpp:8:10:[m[K [01;31m[Kfatal error: [m[Klocal_mapper/utils.hpp: No such file or directory
    8 | #include [01;31m[K"local_mapper/utils.hpp"[m[K
      |          [01;31m[K^~~~~~~~~~~~~~~~~~~~~~~~[m[K
compilation terminated.
gmake[2]: *** [CMakeFiles/safety_shield_node.dir/build.make:76: CMakeFiles/safety_shield_node.dir/src/safety_shield.cpp.o] Error 1
gmake[1]: *** [CMakeFiles/Makefile2:139: CMakeFiles/safety_shield_node.dir/all] Error 2
gmake: *** [Makefile:146: all] Error 2
