-- Found ament_cmake: 1.3.12 (/opt/ros/humble/share/ament_cmake/cmake)
-- Override CMake install command with custom implementation using symlinks instead of copying resources
-- Found rclcpp: 16.0.14 (/opt/ros/humble/share/rclcpp/cmake)
-- Found rosidl_generator_c: 3.1.7 (/opt/ros/humble/share/rosidl_generator_c/cmake)
-- Found rosidl_adapter: 3.1.7 (/opt/ros/humble/share/rosidl_adapter/cmake)
-- Found rosidl_generator_cpp: 3.1.7 (/opt/ros/humble/share/rosidl_generator_cpp/cmake)
-- Using all available rosidl_typesupport_c: rosidl_typesupport_fastrtps_c;rosidl_typesupport_introspection_c
-- Using all available rosidl_typesupport_cpp: rosidl_typesupport_fastrtps_cpp;rosidl_typesupport_introspection_cpp
-- Found rmw_implementation_cmake: 6.1.2 (/opt/ros/humble/share/rmw_implementation_cmake/cmake)
-- Found rmw_fastrtps_cpp: 6.2.8 (/opt/ros/humble/share/rmw_fastrtps_cpp/cmake)
-- Using RMW implementation 'rmw_fastrtps_cpp' as default
-- Found nav_msgs: 4.9.0 (/opt/ros/humble/share/nav_msgs/cmake)
-- Found sensor_msgs: 4.9.0 (/opt/ros/humble/share/sensor_msgs/cmake)
-- Found local_mapper: 0.0.0 (/home/fvc/ros2_ws/install/local_mapper/share/local_mapper/cmake)
-- Found ament_lint_auto: 0.12.14 (/opt/ros/humble/share/ament_lint_auto/cmake)
-- Added test 'cppcheck' to perform static code analysis on C / C++ code
-- Configured cppcheck include dirs: 
-- Configured cppcheck exclude dirs and/or files: 
-- Added test 'lint_cmake' to check CMake code style
-- Added test 'uncrustify' to check C / C++ code style
-- Configured uncrustify additional arguments: 
-- Added test 'xmllint' to check XML markup files
-- Configuring done
-- Generating done
-- Build files have been written to: /home/fvc/ros2_ws/build/safety_shield
[35m[1mConsolidate compiler generated dependencies of target publisher_node[0m
[35m[1mConsolidate compiler generated dependencies of target safety_shield_node[0m
[ 25%] [32mBuilding CXX object CMakeFiles/safety_shield_node.dir/src/safety_shield.cpp.o[0m
[ 75%] Built target publisher_node
[01m[K/home/fvc/ros2_ws/src/safety_shield/src/safety_shield.cpp:[m[K In constructor â€˜[01m[KSafetyShield::SafetyShield()[m[Kâ€™:
[01m[K/home/fvc/ros2_ws/src/safety_shield/src/safety_shield.cpp:15:9:[m[K [01;31m[Kerror: [m[Kâ€˜[01m[Kgrid_topic_[m[Kâ€™ was not declared in this scope
   15 |         [01;31m[Kgrid_topic_[m[K   = this->declare_parameter<std::string>("grid_topic", "/local_grid");
      |         [01;31m[K^~~~~~~~~~~[m[K
[01m[K/home/fvc/ros2_ws/src/safety_shield/src/safety_shield.cpp:16:9:[m[K [01;31m[Kerror: [m[Kâ€˜[01m[Kin_cmd_topic_[m[Kâ€™ was not declared in this scope
   16 |         [01;31m[Kin_cmd_topic_[m[K = this->declare_parameter<std::string>("in_cmd", "/cmd_vel");
      |         [01;31m[K^~~~~~~~~~~~~[m[K
[01m[K/home/fvc/ros2_ws/src/safety_shield/src/safety_shield.cpp:17:9:[m[K [01;31m[Kerror: [m[Kâ€˜[01m[Kout_cmd_topic_[m[Kâ€™ was not declared in this scope
   17 |         [01;31m[Kout_cmd_topic_[m[K= this->declare_parameter<std::string>("out_cmd", "/cmd_vel_safe");
      |         [01;31m[K^~~~~~~~~~~~~~[m[K
[01m[K/home/fvc/ros2_ws/src/safety_shield/src/safety_shield.cpp:19:9:[m[K [01;31m[Kerror: [m[Kâ€˜[01m[Kstop_distance_m_[m[Kâ€™ was not declared in this scope
   19 |         [01;31m[Kstop_distance_m_[m[K = this->declare_parameter<double>("stop_distance", 0.8);
      |         [01;31m[K^~~~~~~~~~~~~~~~[m[K
[01m[K/home/fvc/ros2_ws/src/safety_shield/src/safety_shield.cpp:20:9:[m[K [01;31m[Kerror: [m[Kâ€˜[01m[Klateral_half_m_[m[Kâ€™ was not declared in this scope
   20 |         [01;31m[Klateral_half_m_[m[K  = this->declare_parameter<double>("lateral_half", 0.3);
      |         [01;31m[K^~~~~~~~~~~~~~~[m[K
[01m[K/home/fvc/ros2_ws/src/safety_shield/src/safety_shield.cpp:21:9:[m[K [01;31m[Kerror: [m[Kâ€˜[01m[Koccupied_threshold_[m[Kâ€™ was not declared in this scope
   21 |         [01;31m[Koccupied_threshold_[m[K = this->declare_parameter<int>("occupied_threshold", 50);
      |         [01;31m[K^~~~~~~~~~~~~~~~~~~[m[K
[01m[K/home/fvc/ros2_ws/src/safety_shield/src/safety_shield.cpp:22:9:[m[K [01;31m[Kerror: [m[Kâ€˜[01m[Kverbose_[m[Kâ€™ was not declared in this scope
   22 |         [01;31m[Kverbose_[m[K = this->declare_parameter<bool>("verbose", false);
      |         [01;31m[K^~~~~~~~[m[K
[01m[K/home/fvc/ros2_ws/src/safety_shield/src/safety_shield.cpp:23:9:[m[K [01;31m[Kerror: [m[Kâ€˜[01m[Kpub_safe_[m[Kâ€™ was not declared in this scope
   23 |         [01;31m[Kpub_safe_[m[K = this->create_publisher<geometry_msgs::msg::Twist>(out_cmd_topic_, 10);
      |         [01;31m[K^~~~~~~~~[m[K
[01m[K/home/fvc/ros2_ws/src/safety_shield/src/safety_shield.cpp:25:9:[m[K [01;31m[Kerror: [m[Kâ€˜[01m[Ksub_grid_[m[Kâ€™ was not declared in this scope
   25 |         [01;31m[Ksub_grid_[m[K = this->create_subscription<nav_msgs::msg::OccupancyGrid>(
      |         [01;31m[K^~~~~~~~~[m[K
[01m[K/home/fvc/ros2_ws/src/safety_shield/src/safety_shield.cpp:27:34:[m[K [01;31m[Kerror: [m[Kâ€˜[01m[KonGrid[m[Kâ€™ is not a member of â€˜[01m[KSafetyShield[m[Kâ€™
   27 |         std::bind(&SafetyShield::[01;31m[KonGrid[m[K, this, std::placeholders::_1));
      |                                  [01;31m[K^~~~~~[m[K
[01m[K/home/fvc/ros2_ws/src/safety_shield/src/safety_shield.cpp:29:9:[m[K [01;31m[Kerror: [m[Kâ€˜[01m[Ksub_cmd_[m[Kâ€™ was not declared in this scope
   29 |         [01;31m[Ksub_cmd_[m[K = this->create_subscription<geometry_msgs::msg::Twist>(
      |         [01;31m[K^~~~~~~~[m[K
[01m[K/home/fvc/ros2_ws/src/safety_shield/src/safety_shield.cpp:31:34:[m[K [01;31m[Kerror: [m[Kâ€˜[01m[KonCmd[m[Kâ€™ is not a member of â€˜[01m[KSafetyShield[m[Kâ€™
   31 |         std::bind(&SafetyShield::[01;31m[KonCmd[m[K, this, std::placeholders::_1));
      |                                  [01;31m[K^~~~~[m[K
gmake[2]: *** [CMakeFiles/safety_shield_node.dir/build.make:76: CMakeFiles/safety_shield_node.dir/src/safety_shield.cpp.o] Error 1
gmake[1]: *** [CMakeFiles/Makefile2:139: CMakeFiles/safety_shield_node.dir/all] Error 2
gmake: *** [Makefile:146: all] Error 2
