[0.016s] Invoking command in '/home/fvc/ros2_ws/build/safety_shield': AMENT_PREFIX_PATH=/home/fvc/ros2_ws/install/local_mapper:${AMENT_PREFIX_PATH} CMAKE_PREFIX_PATH=/home/fvc/ros2_ws/install/local_mapper:/opt/ros/humble /usr/bin/cmake /home/fvc/ros2_ws/src/safety_shield -DAMENT_CMAKE_SYMLINK_INSTALL=1 -DCMAKE_INSTALL_PREFIX=/home/fvc/ros2_ws/install/safety_shield
[0.043s] -- Found ament_cmake: 1.3.12 (/opt/ros/humble/share/ament_cmake/cmake)
[0.188s] -- Override CMake install command with custom implementation using symlinks instead of copying resources
[0.197s] -- Found rclcpp: 16.0.14 (/opt/ros/humble/share/rclcpp/cmake)
[0.234s] -- Found rosidl_generator_c: 3.1.7 (/opt/ros/humble/share/rosidl_generator_c/cmake)
[0.235s] -- Found rosidl_adapter: 3.1.7 (/opt/ros/humble/share/rosidl_adapter/cmake)
[0.242s] -- Found rosidl_generator_cpp: 3.1.7 (/opt/ros/humble/share/rosidl_generator_cpp/cmake)
[0.252s] -- Using all available rosidl_typesupport_c: rosidl_typesupport_fastrtps_c;rosidl_typesupport_introspection_c
[0.262s] -- Using all available rosidl_typesupport_cpp: rosidl_typesupport_fastrtps_cpp;rosidl_typesupport_introspection_cpp
[0.293s] -- Found rmw_implementation_cmake: 6.1.2 (/opt/ros/humble/share/rmw_implementation_cmake/cmake)
[0.297s] -- Found rmw_fastrtps_cpp: 6.2.8 (/opt/ros/humble/share/rmw_fastrtps_cpp/cmake)
[0.415s] -- Using RMW implementation 'rmw_fastrtps_cpp' as default
[0.461s] -- Found nav_msgs: 4.9.0 (/opt/ros/humble/share/nav_msgs/cmake)
[0.490s] -- Found sensor_msgs: 4.9.0 (/opt/ros/humble/share/sensor_msgs/cmake)
[0.507s] -- Found local_mapper: 0.0.0 (/home/fvc/ros2_ws/install/local_mapper/share/local_mapper/cmake)
[0.511s] -- Found ament_lint_auto: 0.12.14 (/opt/ros/humble/share/ament_lint_auto/cmake)
[0.609s] -- Added test 'cppcheck' to perform static code analysis on C / C++ code
[0.610s] -- Configured cppcheck include dirs: 
[0.610s] -- Configured cppcheck exclude dirs and/or files: 
[0.611s] -- Added test 'lint_cmake' to check CMake code style
[0.611s] -- Added test 'uncrustify' to check C / C++ code style
[0.611s] -- Configured uncrustify additional arguments: 
[0.612s] -- Added test 'xmllint' to check XML markup files
[0.613s] -- Configuring done
[0.634s] -- Generating done
[0.640s] -- Build files have been written to: /home/fvc/ros2_ws/build/safety_shield
[0.653s] Invoked command in '/home/fvc/ros2_ws/build/safety_shield' returned '0': AMENT_PREFIX_PATH=/home/fvc/ros2_ws/install/local_mapper:${AMENT_PREFIX_PATH} CMAKE_PREFIX_PATH=/home/fvc/ros2_ws/install/local_mapper:/opt/ros/humble /usr/bin/cmake /home/fvc/ros2_ws/src/safety_shield -DAMENT_CMAKE_SYMLINK_INSTALL=1 -DCMAKE_INSTALL_PREFIX=/home/fvc/ros2_ws/install/safety_shield
[0.653s] Invoking command in '/home/fvc/ros2_ws/build/safety_shield': AMENT_PREFIX_PATH=/home/fvc/ros2_ws/install/local_mapper:${AMENT_PREFIX_PATH} CMAKE_PREFIX_PATH=/home/fvc/ros2_ws/install/local_mapper:/opt/ros/humble /usr/bin/cmake --build /home/fvc/ros2_ws/build/safety_shield -- -j2 -l2
[0.726s] [35m[1mConsolidate compiler generated dependencies of target publisher_node[0m
[0.726s] [35m[1mConsolidate compiler generated dependencies of target safety_shield_node[0m
[0.748s] [ 25%] [32mBuilding CXX object CMakeFiles/safety_shield_node.dir/src/safety_shield.cpp.o[0m
[0.785s] [ 75%] Built target publisher_node
[3.900s] [01m[K/home/fvc/ros2_ws/src/safety_shield/src/safety_shield.cpp:[m[K In constructor â€˜[01m[KSafetyShield::SafetyShield()[m[Kâ€™:
[3.901s] [01m[K/home/fvc/ros2_ws/src/safety_shield/src/safety_shield.cpp:15:9:[m[K [01;31m[Kerror: [m[Kâ€˜[01m[Kgrid_topic_[m[Kâ€™ was not declared in this scope
[3.901s]    15 |         [01;31m[Kgrid_topic_[m[K   = this->declare_parameter<std::string>("grid_topic", "/local_grid");
[3.901s]       |         [01;31m[K^~~~~~~~~~~[m[K
[3.910s] [01m[K/home/fvc/ros2_ws/src/safety_shield/src/safety_shield.cpp:16:9:[m[K [01;31m[Kerror: [m[Kâ€˜[01m[Kin_cmd_topic_[m[Kâ€™ was not declared in this scope
[3.910s]    16 |         [01;31m[Kin_cmd_topic_[m[K = this->declare_parameter<std::string>("in_cmd", "/cmd_vel");
[3.910s]       |         [01;31m[K^~~~~~~~~~~~~[m[K
[3.917s] [01m[K/home/fvc/ros2_ws/src/safety_shield/src/safety_shield.cpp:17:9:[m[K [01;31m[Kerror: [m[Kâ€˜[01m[Kout_cmd_topic_[m[Kâ€™ was not declared in this scope
[3.917s]    17 |         [01;31m[Kout_cmd_topic_[m[K= this->declare_parameter<std::string>("out_cmd", "/cmd_vel_safe");
[3.917s]       |         [01;31m[K^~~~~~~~~~~~~~[m[K
[3.926s] [01m[K/home/fvc/ros2_ws/src/safety_shield/src/safety_shield.cpp:19:9:[m[K [01;31m[Kerror: [m[Kâ€˜[01m[Kstop_distance_m_[m[Kâ€™ was not declared in this scope
[3.926s]    19 |         [01;31m[Kstop_distance_m_[m[K = this->declare_parameter<double>("stop_distance", 0.8);
[3.926s]       |         [01;31m[K^~~~~~~~~~~~~~~~[m[K
[3.939s] [01m[K/home/fvc/ros2_ws/src/safety_shield/src/safety_shield.cpp:20:9:[m[K [01;31m[Kerror: [m[Kâ€˜[01m[Klateral_half_m_[m[Kâ€™ was not declared in this scope
[3.939s]    20 |         [01;31m[Klateral_half_m_[m[K  = this->declare_parameter<double>("lateral_half", 0.3);
[3.939s]       |         [01;31m[K^~~~~~~~~~~~~~~[m[K
[3.948s] [01m[K/home/fvc/ros2_ws/src/safety_shield/src/safety_shield.cpp:21:9:[m[K [01;31m[Kerror: [m[Kâ€˜[01m[Koccupied_threshold_[m[Kâ€™ was not declared in this scope
[3.948s]    21 |         [01;31m[Koccupied_threshold_[m[K = this->declare_parameter<int>("occupied_threshold", 50);
[3.948s]       |         [01;31m[K^~~~~~~~~~~~~~~~~~~[m[K
[3.957s] [01m[K/home/fvc/ros2_ws/src/safety_shield/src/safety_shield.cpp:22:9:[m[K [01;31m[Kerror: [m[Kâ€˜[01m[Kverbose_[m[Kâ€™ was not declared in this scope
[3.957s]    22 |         [01;31m[Kverbose_[m[K = this->declare_parameter<bool>("verbose", false);
[3.957s]       |         [01;31m[K^~~~~~~~[m[K
[3.966s] [01m[K/home/fvc/ros2_ws/src/safety_shield/src/safety_shield.cpp:23:9:[m[K [01;31m[Kerror: [m[Kâ€˜[01m[Kpub_safe_[m[Kâ€™ was not declared in this scope
[3.966s]    23 |         [01;31m[Kpub_safe_[m[K = this->create_publisher<geometry_msgs::msg::Twist>(out_cmd_topic_, 10);
[3.966s]       |         [01;31m[K^~~~~~~~~[m[K
[3.970s] [01m[K/home/fvc/ros2_ws/src/safety_shield/src/safety_shield.cpp:25:9:[m[K [01;31m[Kerror: [m[Kâ€˜[01m[Ksub_grid_[m[Kâ€™ was not declared in this scope
[3.970s]    25 |         [01;31m[Ksub_grid_[m[K = this->create_subscription<nav_msgs::msg::OccupancyGrid>(
[3.970s]       |         [01;31m[K^~~~~~~~~[m[K
[3.970s] [01m[K/home/fvc/ros2_ws/src/safety_shield/src/safety_shield.cpp:27:34:[m[K [01;31m[Kerror: [m[Kâ€˜[01m[KonGrid[m[Kâ€™ is not a member of â€˜[01m[KSafetyShield[m[Kâ€™
[3.971s]    27 |         std::bind(&SafetyShield::[01;31m[KonGrid[m[K, this, std::placeholders::_1));
[3.971s]       |                                  [01;31m[K^~~~~~[m[K
[3.976s] [01m[K/home/fvc/ros2_ws/src/safety_shield/src/safety_shield.cpp:29:9:[m[K [01;31m[Kerror: [m[Kâ€˜[01m[Ksub_cmd_[m[Kâ€™ was not declared in this scope
[3.976s]    29 |         [01;31m[Ksub_cmd_[m[K = this->create_subscription<geometry_msgs::msg::Twist>(
[3.976s]       |         [01;31m[K^~~~~~~~[m[K
[3.976s] [01m[K/home/fvc/ros2_ws/src/safety_shield/src/safety_shield.cpp:31:34:[m[K [01;31m[Kerror: [m[Kâ€˜[01m[KonCmd[m[Kâ€™ is not a member of â€˜[01m[KSafetyShield[m[Kâ€™
[3.977s]    31 |         std::bind(&SafetyShield::[01;31m[KonCmd[m[K, this, std::placeholders::_1));
[3.977s]       |                                  [01;31m[K^~~~~[m[K
[4.544s] gmake[2]: *** [CMakeFiles/safety_shield_node.dir/build.make:76: CMakeFiles/safety_shield_node.dir/src/safety_shield.cpp.o] Error 1
[4.544s] gmake[1]: *** [CMakeFiles/Makefile2:139: CMakeFiles/safety_shield_node.dir/all] Error 2
[4.544s] gmake: *** [Makefile:146: all] Error 2
[4.550s] Invoked command in '/home/fvc/ros2_ws/build/safety_shield' returned '2': AMENT_PREFIX_PATH=/home/fvc/ros2_ws/install/local_mapper:${AMENT_PREFIX_PATH} CMAKE_PREFIX_PATH=/home/fvc/ros2_ws/install/local_mapper:/opt/ros/humble /usr/bin/cmake --build /home/fvc/ros2_ws/build/safety_shield -- -j2 -l2
