[01m[K/home/fvc/ros2_ws/safety_shield/src/safety_shield.cpp:[m[K In constructor â€˜[01m[KSimpleNode::SimpleNode()[m[Kâ€™:
[01m[K/home/fvc/ros2_ws/safety_shield/src/safety_shield.cpp:8:9:[m[K [01;31m[Kerror: [m[Kâ€˜[01m[Ktimer_[m[Kâ€™ was not declared in this scope; did you mean â€˜[01m[Ktimer_t[m[Kâ€™?
    8 |         [01;31m[Ktimer_[m[K = create_wall_timer(std::chrono::seconds(1),
      |         [01;31m[K^~~~~~[m[K
      |         [32m[Ktimer_t[m[K
gmake[2]: *** [CMakeFiles/safety_shield_node.dir/build.make:76: CMakeFiles/safety_shield_node.dir/src/safety_shield.cpp.o] Error 1
gmake[1]: *** [CMakeFiles/Makefile2:137: CMakeFiles/safety_shield_node.dir/all] Error 2
gmake: *** [Makefile:146: all] Error 2
